workspaceAndroid/build/outputs/logs/manifest-merger-debug-report.txt
-- Merging decision tree log ---
manifest
ADDED from AndroidManifest.xml:2:1
	xmlns:android
		ADDED from AndroidManifest.xml:2:11
	package
		ADDED from AndroidManifest.xml:3:5
	android:versionName
		ADDED from AndroidManifest.xml:5:5
	android:versionCode
		ADDED from AndroidManifest.xml:4:5
		INJECTED from AndroidManifest.xml:0:0
		INJECTED from AndroidManifest.xml:0:0
uses-permission#android.permission.INTERNET
ADDED from AndroidManifest.xml:7:5
	android:name
		ADDED from AndroidManifest.xml:7:22
uses-permission#android.permission.ACCESS_NETWORK_STATE
ADDED from AndroidManifest.xml:8:5
	android:name
		ADDED from AndroidManifest.xml:8:22
uses-permission#android.permission.READ_LOGS
ADDED from AndroidManifest.xml:9:2
	android:name
		ADDED from AndroidManifest.xml:9:19
uses-permission#android.permission.VIBRATE
ADDED from AndroidManifest.xml:11:2
	android:name
		ADDED from AndroidManifest.xml:11:19
uses-permission#android.permission.CAMERA
ADDED from AndroidManifest.xml:12:2
	android:name
		ADDED from AndroidManifest.xml:12:19
uses-permission#android.permission.WRITE_EXTERNAL_STORAGE
ADDED from AndroidManifest.xml:13:2
	android:name
		ADDED from AndroidManifest.xml:13:19
uses-permission#android.permission.WAKE_LOCK
ADDED from AndroidManifest.xml:14:2
	android:name
		ADDED from AndroidManifest.xml:14:19
uses-permission#android.permission.DISABLE_KEYGUARD
ADDED from AndroidManifest.xml:15:2
	android:name
		ADDED from AndroidManifest.xml:15:19
uses-feature#android.hardware.camera
ADDED from AndroidManifest.xml:16:2
	android:name
		ADDED from AndroidManifest.xml:16:16
uses-feature#android.hardware.camera.autofocus
ADDED from AndroidManifest.xml:17:2
	android:name
		ADDED from AndroidManifest.xml:17:16
uses-sdk
ADDED from AndroidManifest.xml:18:5
MERGED from com.google.android.gms:play-services:6.5.87:18:5
MERGED from com.android.support:support-v4:21.0.0:15:5
MERGED from com.android.support:multidex:1.0.1:18:5
	android:targetSdkVersion
		ADDED from AndroidManifest.xml:20:9
	android:minSdkVersion
		ADDED from AndroidManifest.xml:19:9
application
ADDED from AndroidManifest.xml:22:5
MERGED from com.google.android.gms:play-services:6.5.87:20:5
MERGED from com.android.support:support-v4:21.0.0:16:5
	android:label
		ADDED from AndroidManifest.xml:25:9
	android:allowBackup
		ADDED from AndroidManifest.xml:23:9
	android:icon
		ADDED from AndroidManifest.xml:24:9
	android:theme
		ADDED from AndroidManifest.xml:26:9
	android:name
		ADDED from AndroidManifest.xml:27:9
meta-data#com.google.android.gms.version
ADDED from AndroidManifest.xml:29:2
MERGED from com.google.android.gms:play-services:6.5.87:21:9
	android:name
		ADDED from AndroidManifest.xml:29:13
	android:value
		ADDED from AndroidManifest.xml:30:10
service#com.mymorningroutine.BroadcastService
ADDED from AndroidManifest.xml:31:3
	android:name
		ADDED from AndroidManifest.xml:31:12
activity#com.mymorningroutine.MainActivity
ADDED from AndroidManifest.xml:32:9
	android:screenOrientation
		ADDED from AndroidManifest.xml:35:4
	android:icon
		ADDED from AndroidManifest.xml:36:4
	android:configChanges
		ADDED from AndroidManifest.xml:34:4
	android:name
		ADDED from AndroidManifest.xml:33:13
intent-filter#android.intent.action.MAIN+android.intent.category.LAUNCHER
ADDED from AndroidManifest.xml:39:13
action#android.intent.action.MAIN
ADDED from AndroidManifest.xml:40:17
	android:name
		ADDED from AndroidManifest.xml:40:25
category#android.intent.category.LAUNCHER
ADDED from AndroidManifest.xml:42:17
	android:name
		ADDED from AndroidManifest.xml:42:27
activity#com.mymorningroutine.ActivityDetailActivity
ADDED from AndroidManifest.xml:45:9
	android:screenOrientation
		ADDED from AndroidManifest.xml:49:4
	android:label
		ADDED from AndroidManifest.xml:47:13
	android:configChanges
		ADDED from AndroidManifest.xml:48:4
	android:theme
		ADDED from AndroidManifest.xml:50:4
	android:name
		ADDED from AndroidManifest.xml:46:13
activity#com.mymorningroutine.AboutActivity
ADDED from AndroidManifest.xml:52:3
	android:screenOrientation
		ADDED from AndroidManifest.xml:56:4
	android:label
		ADDED from AndroidManifest.xml:54:13
	android:configChanges
		ADDED from AndroidManifest.xml:55:4
	android:name
		ADDED from AndroidManifest.xml:53:13
activity#com.mymorningroutine.AlarmStatusActivity
ADDED from AndroidManifest.xml:58:9
	android:screenOrientation
		ADDED from AndroidManifest.xml:62:4
	android:label
		ADDED from AndroidManifest.xml:60:13
	android:configChanges
		ADDED from AndroidManifest.xml:61:4
	android:theme
		ADDED from AndroidManifest.xml:63:4
	android:name
		ADDED from AndroidManifest.xml:59:13
activity#com.mymorningroutine.RoutineDetailActivity
ADDED from AndroidManifest.xml:65:3
	android:screenOrientation
		ADDED from AndroidManifest.xml:69:4
	android:label
		ADDED from AndroidManifest.xml:67:13
	android:configChanges
		ADDED from AndroidManifest.xml:68:4
	android:theme
		ADDED from AndroidManifest.xml:70:4
	android:name
		ADDED from AndroidManifest.xml:66:13
activity#com.mymorningroutine.DialogActivities
ADDED from AndroidManifest.xml:73:9
	android:screenOrientation
		ADDED from AndroidManifest.xml:77:4
	android:label
		ADDED from AndroidManifest.xml:75:13
	android:configChanges
		ADDED from AndroidManifest.xml:76:4
	android:theme
		ADDED from AndroidManifest.xml:78:4
	android:name
		ADDED from AndroidManifest.xml:74:13
activity#com.mymorningroutine.DialogRoutines
ADDED from AndroidManifest.xml:81:3
	android:screenOrientation
		ADDED from AndroidManifest.xml:85:4
	android:label
		ADDED from AndroidManifest.xml:83:13
	android:configChanges
		ADDED from AndroidManifest.xml:84:4
	android:theme
		ADDED from AndroidManifest.xml:86:4
	android:name
		ADDED from AndroidManifest.xml:82:13
activity#com.mymorningroutine.SettingsActivity
ADDED from AndroidManifest.xml:89:3
	android:screenOrientation
		ADDED from AndroidManifest.xml:93:4
	android:label
		ADDED from AndroidManifest.xml:91:13
	android:configChanges
		ADDED from AndroidManifest.xml:92:4
	android:name
		ADDED from AndroidManifest.xml:90:13
activity#com.google.android.gms.ads.AdActivity
ADDED from AndroidManifest.xml:96:10
	android:configChanges
		ADDED from AndroidManifest.xml:97:13
	android:theme
		ADDED from AndroidManifest.xml:98:13
	android:name
		ADDED from AndroidManifest.xml:96:20
receiver#com.mymorningroutine.MyBroadcastReceiver
ADDED from AndroidManifest.xml:99:3
	android:name
		ADDED from AndroidManifest.xml:99:13
intent-filter#com.mymorningroutine.countdown_activity
ADDED from AndroidManifest.xml:100:4
action#com.mymorningroutine.countdown_activity
ADDED from AndroidManifest.xml:101:5
	android:name
		ADDED from AndroidManifest.xml:101:13